2023-04-02 23:15:40.374165 - Initialized conversion of CBT296
2023-04-02 23:15:41.404588 - Received SBGOLOB.CBT505.FILE296 from FILE296.XMI 
2023-04-02 23:15:41.407671 - Found $$$$$NOT.txt (text/plain) in SBGOLOB.CBT505.FILE296, moved to FILE296/$$$$$NOT
2023-04-02 23:15:41.408853 - Found $$$$SAM.txt (text/plain) in SBGOLOB.CBT505.FILE296, moved to FILE296/$$$$SAM
2023-04-02 23:15:41.409990 - Found $$$$SAM1.txt (text/plain) in SBGOLOB.CBT505.FILE296, moved to FILE296/$$$$SAM1
2023-04-02 23:15:41.411184 - Found $$$#DATE.txt (text/plain) in SBGOLOB.CBT505.FILE296, moved to FILE296/$$$#DATE
2023-04-02 23:15:41.412286 - Found $$$CGARR.txt (text/plain) in SBGOLOB.CBT505.FILE296, moved to FILE296/$$$CGARR
2023-04-02 23:15:41.413314 - Found $$NOTE1.txt (text/plain) in SBGOLOB.CBT505.FILE296, moved to FILE296/$$NOTE1
2023-04-02 23:15:41.414442 - Found $$NOTE2.txt (text/plain) in SBGOLOB.CBT505.FILE296, moved to FILE296/$$NOTE2
2023-04-02 23:15:41.415516 - Found $$NOTE3.txt (text/plain) in SBGOLOB.CBT505.FILE296, moved to FILE296/$$NOTE3
2023-04-02 23:15:41.416657 - Found $$NOTE4.txt (text/plain) in SBGOLOB.CBT505.FILE296, moved to FILE296/$$NOTE4
2023-04-02 23:15:41.417857 - Found $$NOTE5.txt (text/plain) in SBGOLOB.CBT505.FILE296, moved to FILE296/$$NOTE5
2023-04-02 23:15:41.418963 - Found $$NOTE6.txt (text/plain) in SBGOLOB.CBT505.FILE296, moved to FILE296/$$NOTE6
2023-04-02 23:15:41.420147 - Found $INDEX.txt (text/plain) in SBGOLOB.CBT505.FILE296, moved to FILE296/$INDEX
2023-04-02 23:15:41.421222 - Found @FILE296.txt (text/plain) in SBGOLOB.CBT505.FILE296, moved to FILE296/@FILE296
2023-04-02 23:15:41.422451 - Found BLKDISK.txt (text/plain) in SBGOLOB.CBT505.FILE296, moved to FILE296/BLKDISK
2023-04-02 23:15:41.423626 - Found COMPARE.jcl (text/plain) in SBGOLOB.CBT505.FILE296, moved to FILE296/COMPARE
2023-04-02 23:15:41.425045 - Found COMPAREB.txt (text/plain) in SBGOLOB.CBT505.FILE296, moved to FILE296/COMPAREB
2023-04-02 23:15:41.426777 - Found DSAT.txt (text/plain) in SBGOLOB.CBT505.FILE296, moved to FILE296/DSAT
2023-04-02 23:15:41.427921 - Found DSAT$.jcl (text/plain) in SBGOLOB.CBT505.FILE296, moved to FILE296/DSAT$
2023-04-02 23:15:41.428941 - Found DSATASM.jcl (text/plain) in SBGOLOB.CBT505.FILE296, moved to FILE296/DSATASM
2023-04-02 23:15:41.429834 - Found DSATGO.jcl (text/plain) in SBGOLOB.CBT505.FILE296, moved to FILE296/DSATGO
2023-04-02 23:15:41.430760 - Found DSATHELP.jcl (text/plain) in SBGOLOB.CBT505.FILE296, moved to FILE296/DSATHELP
2023-04-02 23:15:41.432879 - Found DSATNEW.txt (text/plain) in SBGOLOB.CBT505.FILE296, moved to FILE296/DSATNEW
2023-04-02 23:15:41.433826 - Found DSATNEW$.jcl (text/plain) in SBGOLOB.CBT505.FILE296, moved to FILE296/DSATNEW$
2023-04-02 23:15:41.434722 - Found DSATNEW#.jcl (text/plain) in SBGOLOB.CBT505.FILE296, moved to FILE296/DSATNEW#
2023-04-02 23:15:41.436419 - Found DSATNEW0.txt (text/plain) in SBGOLOB.CBT505.FILE296, moved to FILE296/DSATNEW0
2023-04-02 23:15:41.438560 - Found DSATNEW1.txt (text/plain) in SBGOLOB.CBT505.FILE296, moved to FILE296/DSATNEW1
2023-04-02 23:15:41.440633 - Found DSATO.jcl (text/plain) in SBGOLOB.CBT505.FILE296, moved to FILE296/DSATO
2023-04-02 23:15:41.441813 - Found DSATO$.jcl (text/plain) in SBGOLOB.CBT505.FILE296, moved to FILE296/DSATO$
2023-04-02 23:15:41.443367 - Found DSATOLD.jcl (text/plain) in SBGOLOB.CBT505.FILE296, moved to FILE296/DSATOLD
2023-04-02 23:15:41.444872 - Found DSAT1.jcl (text/plain) in SBGOLOB.CBT505.FILE296, moved to FILE296/DSAT1
2023-04-02 23:15:41.446609 - Found DSAT2.txt (text/plain) in SBGOLOB.CBT505.FILE296, moved to FILE296/DSAT2
2023-04-02 23:15:41.448677 - Found DSAT3.txt (text/plain) in SBGOLOB.CBT505.FILE296, moved to FILE296/DSAT3
2023-04-02 23:15:41.450175 - Found DSAT5.txt (text/plain) in SBGOLOB.CBT505.FILE296, moved to FILE296/DSAT5
2023-04-02 23:15:41.451832 - Found DVOL.jcl (text/plain) in SBGOLOB.CBT505.FILE296, moved to FILE296/DVOL
2023-04-02 23:15:41.453475 - Found DVOLO.jcl (text/plain) in SBGOLOB.CBT505.FILE296, moved to FILE296/DVOLO
2023-04-02 23:15:41.454794 - Found DVOLP.jcl (text/plain) in SBGOLOB.CBT505.FILE296, moved to FILE296/DVOLP
2023-04-02 23:15:41.455720 - Found HEL.txt (text/plain) in SBGOLOB.CBT505.FILE296, moved to FILE296/HEL
2023-04-02 23:15:41.456819 - Found RELEASE.txt (text/plain) in SBGOLOB.CBT505.FILE296, moved to FILE296/RELEASE
2023-04-02 23:15:41.457766 - Found RELEASE$.jcl (text/plain) in SBGOLOB.CBT505.FILE296, moved to FILE296/RELEASE$
2023-04-02 23:15:41.458734 - Found RESET.txt (text/plain) in SBGOLOB.CBT505.FILE296, moved to FILE296/RESET
2023-04-02 23:15:41.460011 - Found REVIEW.txt (text/plain) in SBGOLOB.CBT505.FILE296, moved to FILE296/REVIEW
2023-04-02 23:15:41.461022 - Found REVSMF.txt (text/plain) in SBGOLOB.CBT505.FILE296, moved to FILE296/REVSMF
2023-04-02 23:15:41.461960 - Found XEQ.txt (text/plain) in SBGOLOB.CBT505.FILE296, moved to FILE296/XEQ
2023-04-02 23:15:41.462866 - Found XEQ$.jcl (text/plain) in SBGOLOB.CBT505.FILE296, moved to FILE296/XEQ$
2023-04-02 23:15:41.463765 - Found XEQ#.txt (text/plain) in SBGOLOB.CBT505.FILE296, moved to FILE296/XEQ#
2023-04-02 23:15:41.464698 - Found XEQ000.jcl (text/plain) in SBGOLOB.CBT505.FILE296, moved to FILE296/XEQ000
